\BOOKMARK [1][-]{section.1}{\376\377\000T\000h\000e\000\040\000B\000u\000i\000l\000d\000\040\000P\000r\000o\000c\000e\000s\000s}{}% 1
\BOOKMARK [2][-]{subsection.1.1}{\376\377\000T\000h\000e\000\040\000P\000r\000e\000p\000r\000o\000c\000e\000s\000s\000o\000r}{section.1}% 2
\BOOKMARK [3][-]{subsubsection.1.1.1}{\376\377\000T\000e\000x\000t\000\040\000R\000e\000p\000l\000a\000c\000e\000m\000e\000n\000t\000\040\000[\000l\000a\000n\000g\000u\000a\000g\000e\000=\000C\000+\000+\000]\000|\000\043\000d\000e\000f\000i\000n\000e\000|}{subsection.1.1}% 3
\BOOKMARK [3][-]{subsubsection.1.1.2}{\376\377\000C\000o\000n\000d\000i\000t\000i\000o\000n\000a\000l\000\040\000C\000o\000m\000p\000i\000l\000a\000t\000i\000o\000n\000\040\000[\000l\000a\000n\000g\000u\000a\000g\000e\000=\000C\000+\000+\000]\000|\000\043\000i\000f\000|\000,\000\040\000[\000l\000a\000n\000g\000u\000a\000g\000e\000=\000C\000+\000+\000]\000|\000\043\000i\000f\000d\000e\000f\000|}{subsection.1.1}% 4
\BOOKMARK [3][-]{subsubsection.1.1.3}{\376\377\000F\000i\000l\000e\000\040\000I\000n\000c\000l\000u\000s\000i\000o\000n\000\040\000[\000l\000a\000n\000g\000u\000a\000g\000e\000=\000C\000+\000+\000]\000|\000\043\000i\000n\000c\000l\000u\000d\000e\000|}{subsection.1.1}% 5
\BOOKMARK [2][-]{subsection.1.2}{\376\377\000T\000h\000e\000\040\000C\000o\000m\000p\000i\000l\000e\000r}{section.1}% 6
\BOOKMARK [3][-]{subsubsection.1.2.1}{\376\377\000C\000o\000m\000p\000i\000l\000a\000t\000i\000o\000n\000\040\000E\000r\000r\000o\000r\000s}{subsection.1.2}% 7
\BOOKMARK [2][-]{subsection.1.3}{\376\377\000T\000h\000e\000\040\000L\000i\000n\000k\000e\000r}{section.1}% 8
\BOOKMARK [3][-]{subsubsection.1.3.1}{\376\377\000L\000i\000n\000k\000e\000r\000\040\000E\000r\000r\000o\000r\000s}{subsection.1.3}% 9
\BOOKMARK [1][-]{section.2}{\376\377\000M\000e\000m\000o\000r\000y\000\040\000a\000n\000d\000\040\000P\000o\000i\000n\000t\000e\000r\000s}{}% 10
\BOOKMARK [2][-]{subsection.2.1}{\376\377\000I\000n\000t\000r\000o\000d\000u\000c\000t\000i\000o\000n\000\040\000t\000o\000\040\000M\000e\000m\000o\000r\000y}{section.2}% 11
\BOOKMARK [2][-]{subsection.2.2}{\376\377\000P\000o\000i\000n\000t\000e\000r\000s}{section.2}% 12
\BOOKMARK [3][-]{subsubsection.2.2.1}{\376\377\000[\000l\000a\000n\000g\000u\000a\000g\000e\000=\000C\000+\000+\000]\000|\000N\000U\000L\000L\000|\000\040\000P\000o\000i\000n\000t\000e\000r\000s}{subsection.2.2}% 13
\BOOKMARK [3][-]{subsubsection.2.2.2}{\376\377\000P\000o\000i\000n\000t\000e\000r\000\040\000A\000r\000i\000t\000h\000m\000e\000t\000i\000c}{subsection.2.2}% 14
\BOOKMARK [3][-]{subsubsection.2.2.3}{\376\377\000P\000o\000i\000n\000t\000e\000r\000s\000\040\000t\000o\000\040\000P\000o\000i\000n\000t\000e\000r\000s}{subsection.2.2}% 15
\BOOKMARK [2][-]{subsection.2.3}{\376\377\000R\000e\000f\000e\000r\000e\000n\000c\000e\000s}{section.2}% 16
\BOOKMARK [1][-]{section.3}{\376\377\000M\000e\000m\000o\000r\000y\000\040\000S\000e\000g\000m\000e\000n\000t\000s}{}% 17
\BOOKMARK [2][-]{subsection.3.1}{\376\377\000T\000e\000x\000t\000\040\000S\000e\000g\000m\000e\000n\000t}{section.3}% 18
\BOOKMARK [2][-]{subsection.3.2}{\376\377\000S\000t\000a\000t\000i\000c\000\040\000M\000e\000m\000o\000r\000y}{section.3}% 19
\BOOKMARK [3][-]{subsubsection.3.2.1}{\376\377\000[\000l\000a\000n\000g\000u\000a\000g\000e\000=\000C\000+\000+\000]\000|\000s\000t\000a\000t\000i\000c\000|\000\040\000K\000e\000y\000w\000o\000r\000d}{subsection.3.2}% 20
\BOOKMARK [3][-]{subsubsection.3.2.2}{\376\377\000I\000n\000i\000t\000i\000a\000l\000i\000z\000e\000d\000\040\000v\000s\000.\000\040\000U\000n\000i\000n\000i\000t\000i\000a\000l\000i\000z\000e\000d\000\040\000S\000t\000a\000t\000i\000c\000\040\000D\000a\000t\000a}{subsection.3.2}% 21
\BOOKMARK [2][-]{subsection.3.3}{\376\377\000H\000e\000a\000p\000\040\000S\000e\000g\000m\000e\000n\000t}{section.3}% 22
\BOOKMARK [3][-]{subsubsection.3.3.1}{\376\377\000O\000p\000e\000r\000a\000t\000o\000r\000s\000\040\000[\000l\000a\000n\000g\000u\000a\000g\000e\000=\000C\000+\000+\000]\000|\000n\000e\000w\000|\000\040\000a\000n\000d\000\040\000[\000l\000a\000n\000g\000u\000a\000g\000e\000=\000C\000+\000+\000]\000|\000d\000e\000l\000e\000t\000e\000|}{subsection.3.3}% 23
\BOOKMARK [3][-]{subsubsection.3.3.2}{\376\377\000M\000e\000m\000o\000r\000y\000\040\000L\000e\000a\000k\000s}{subsection.3.3}% 24
\BOOKMARK [2][-]{subsection.3.4}{\376\377\000S\000t\000a\000c\000k\000\040\000S\000e\000g\000m\000e\000n\000t}{section.3}% 25
\BOOKMARK [3][-]{subsubsection.3.4.1}{\376\377\000S\000t\000a\000c\000k\000\040\000P\000o\000i\000n\000t\000e\000r}{subsection.3.4}% 26
