\BOOKMARK [1][-]{section.1}{\376\377\000I\000/\000O\000\040\000w\000i\000t\000h\000\040\000[\000l\000a\000n\000g\000u\000a\000g\000e\000=\000C\000+\000+\000]\000|\000i\000o\000s\000t\000r\000e\000a\000m\000|}{}% 1
\BOOKMARK [2][-]{subsection.1.1}{\376\377\000[\000l\000a\000n\000g\000u\000a\000g\000e\000=\000C\000+\000+\000]\000|\000s\000t\000d\000:\000:\000c\000o\000u\000t\000|}{section.1}% 2
\BOOKMARK [2][-]{subsection.1.2}{\376\377\000[\000l\000a\000n\000g\000u\000a\000g\000e\000=\000C\000+\000+\000]\000|\000s\000t\000d\000:\000:\000c\000i\000n\000|}{section.1}% 3
\BOOKMARK [1][-]{section.2}{\376\377\000F\000u\000n\000c\000t\000i\000o\000n\000s}{}% 4
\BOOKMARK [2][-]{subsection.2.1}{\376\377\000I\000n\000t\000r\000o\000d\000u\000c\000t\000i\000o\000n\000\040\000t\000o\000\040\000F\000u\000n\000c\000t\000i\000o\000n\000s}{section.2}% 5
\BOOKMARK [3][-]{subsubsection.2.1.1}{\376\377\000[\000l\000a\000n\000g\000u\000a\000g\000e\000=\000C\000+\000+\000]\000|\000r\000e\000t\000u\000r\000n\000|\000\040\000K\000e\000y\000w\000o\000r\000d}{subsection.2.1}% 6
\BOOKMARK [2][-]{subsection.2.2}{\376\377\000F\000u\000n\000c\000t\000i\000o\000n\000\040\000O\000v\000e\000r\000l\000o\000a\000d\000i\000n\000g}{section.2}% 7
\BOOKMARK [2][-]{subsection.2.3}{\376\377\000S\000c\000o\000p\000e}{section.2}% 8
\BOOKMARK [3][-]{subsubsection.2.3.1}{\376\377\000D\000e\000f\000i\000n\000i\000n\000g\000\040\000a\000\040\000S\000c\000o\000p\000e}{subsection.2.3}% 9
\BOOKMARK [3][-]{subsubsection.2.3.2}{\376\377\000T\000y\000p\000e\000s\000\040\000o\000f\000\040\000S\000c\000o\000p\000e}{subsection.2.3}% 10
\BOOKMARK [1][-]{section.3}{\376\377\000C\000o\000n\000d\000i\000t\000i\000o\000n\000s\000\040\000a\000n\000d\000\040\000B\000r\000a\000n\000c\000h\000e\000s}{}% 11
\BOOKMARK [2][-]{subsection.3.1}{\376\377\000B\000o\000o\000l\000e\000a\000n\000\040\000S\000t\000a\000t\000e\000m\000e\000n\000t\000s}{section.3}% 12
\BOOKMARK [3][-]{subsubsection.3.1.1}{\376\377\000[\000l\000a\000n\000g\000u\000a\000g\000e\000=\000C\000+\000+\000]\000|\000b\000o\000o\000l\000\050\000\051\000|\000\040\000C\000a\000s\000t\000s}{subsection.3.1}% 13
\BOOKMARK [3][-]{subsubsection.3.1.2}{\376\377\000C\000o\000m\000p\000a\000r\000i\000s\000o\000n\000\040\000O\000p\000e\000r\000a\000t\000o\000r\000s\000\040\000[\000l\000a\000n\000g\000u\000a\000g\000e\000=\000C\000+\000+\000]\000|\000=\000=\000|\000,\000\040\000[\000l\000a\000n\000g\000u\000a\000g\000e\000=\000C\000+\000+\000]\000|\000!\000=\000|\000,\000\040\000[\000l\000a\000n\000g\000u\000a\000g\000e\000=\000C\000+\000+\000]\000|\000<\000|\000,\000\040\000[\000l\000a\000n\000g\000u\000a\000g\000e\000=\000C\000+\000+\000]\000|\000<\000=\000|\000,\000\040\000[\000l\000a\000n\000g\000u\000a\000g\000e\000=\000C\000+\000+\000]\000|\000>\000|\000,\000\040\000[\000l\000a\000n\000g\000u\000a\000g\000e\000=\000C\000+\000+\000]\000|\000>\000=\000|}{subsection.3.1}% 14
\BOOKMARK [3][-]{subsubsection.3.1.3}{\376\377\000L\000o\000g\000i\000c\000a\000l\000\040\000O\000p\000e\000r\000a\000t\000o\000r\000s\000\040\000[\000l\000a\000n\000g\000u\000a\000g\000e\000=\000C\000+\000+\000]\000|\000!\000|\000,\000\040\000[\000l\000a\000n\000g\000u\000a\000g\000e\000=\000C\000+\000+\000]\000|\000\046\000\046\000|\000,\000\040\000[\000l\000a\000n\000g\000u\000a\000g\000e\000=\000C\000+\000+\000]\000|\000|\000|\000|}{subsection.3.1}% 15
\BOOKMARK [2][-]{subsection.3.2}{\376\377\000[\000l\000a\000n\000g\000u\000a\000g\000e\000=\000C\000+\000+\000]\000|\000i\000f\000|\000\040\000S\000t\000a\000t\000e\000m\000e\000n\000t\000s}{section.3}% 16
\BOOKMARK [2][-]{subsection.3.3}{\376\377\000[\000l\000a\000n\000g\000u\000a\000g\000e\000=\000C\000+\000+\000]\000|\000s\000w\000i\000t\000c\000h\000|\000\040\000S\000t\000a\000t\000e\000m\000e\000n\000t\000s}{section.3}% 17
\BOOKMARK [2][-]{subsection.3.4}{\376\377\000T\000e\000r\000n\000a\000r\000y\000\040\000O\000p\000e\000r\000a\000t\000o\000r\000\040\000[\000l\000a\000n\000g\000u\000a\000g\000e\000=\000C\000+\000+\000]\000|\000\050\000\040\000?\000\040\000:\000\040\000\051\000|}{section.3}% 18
\BOOKMARK [1][-]{section.4}{\376\377\000L\000o\000o\000p\000s}{}% 19
\BOOKMARK [2][-]{subsection.4.1}{\376\377\000[\000l\000a\000n\000g\000u\000a\000g\000e\000=\000C\000+\000+\000]\000|\000w\000h\000i\000l\000e\000|\000\040\000L\000o\000o\000p\000s}{section.4}% 20
\BOOKMARK [3][-]{subsubsection.4.1.1}{\376\377\000[\000l\000a\000n\000g\000u\000a\000g\000e\000=\000C\000+\000+\000]\000|\000d\000o\000\040\000w\000h\000i\000l\000e\000|\000\040\000L\000o\000o\000p\000s}{subsection.4.1}% 21
\BOOKMARK [2][-]{subsection.4.2}{\376\377\000[\000l\000a\000n\000g\000u\000a\000g\000e\000=\000C\000+\000+\000]\000|\000f\000o\000r\000|\000\040\000L\000o\000o\000p\000s}{section.4}% 22
\BOOKMARK [2][-]{subsection.4.3}{\376\377\000C\000o\000n\000t\000r\000o\000l\000\040\000F\000l\000o\000w\000\040\000S\000t\000a\000t\000e\000m\000e\000n\000t\000s}{section.4}% 23
\BOOKMARK [3][-]{subsubsection.4.3.1}{\376\377\000[\000l\000a\000n\000g\000u\000a\000g\000e\000=\000C\000+\000+\000]\000|\000b\000r\000e\000a\000k\000|\000\040\000K\000e\000y\000w\000o\000r\000d}{subsection.4.3}% 24
\BOOKMARK [3][-]{subsubsection.4.3.2}{\376\377\000[\000l\000a\000n\000g\000u\000a\000g\000e\000=\000C\000+\000+\000]\000|\000c\000o\000n\000t\000i\000n\000u\000e\000|\000\040\000K\000e\000y\000w\000o\000r\000d}{subsection.4.3}% 25
